[16:52:20] [main/INFO]: Setting user: TheKing
[16:52:22] [Client thread/INFO]: LWJGL Version: 2.9.1
[16:52:46] [Client thread/INFO]: Reloading ResourceManager: Default, FMLFileResourcePack:Forge Mod Loader, FMLFileResourcePack:Minecraft Forge, FMLFileResourcePack:Not Enough Items, FMLFileResourcePack:Advanced Solar Panels, FMLFileResourcePack:AE2 Stuff, FMLFileResourcePack:AgriCraft, FMLFileResourcePack:Another One Bites The Dust, FMLFileResourcePack:Applied Energistics 2, FMLFileResourcePack:Arcane Engineering, FMLFileResourcePack:Avaritia, FMLFileResourcePack:BD Lib, FMLFileResourcePack:BiblioCraft, FMLFileResourcePack:Big Reactors, FMLFileResourcePack:Botany, FMLFileResourcePack:Binnie Core, FMLFileResourcePack:Extra Bees, FMLFileResourcePack:Extra Trees, FMLFileResourcePack:Genetics, FMLFileResourcePack:Blood Magic: Alchemical Wizardry, FMLFileResourcePack:Botania, FMLFileResourcePack:Brandon's Core, FMLFileResourcePack:BC Builders, FMLFileResourcePack:BC Transport, FMLFileResourcePack:BC Energy, FMLFileResourcePack:BC Silicon, FMLFileResourcePack:BC Robotics, FMLFileResourcePack:BuildCraft, FMLFileResourcePack:BC Factory, FMLFileResourcePack:BuildCraft Compat, FMLFileResourcePack:Carpenter's Blocks, FMLFileResourcePack:ChickenChunks, FMLFileResourcePack:Chisel, FMLFileResourcePack:CoFH Core, FMLFileResourcePack:Draconic Evolution, FMLFileResourcePack:Dungeon Pack, FMLFileResourcePack:EnderCore, FMLFileResourcePack:Ender IO, FMLFileResourcePack:EnderStorage, FMLFileResourcePack:Ex Nihilo, FMLFileResourcePack:Extra Cells 2, FMLFileResourcePack:ExtraTiC, FMLFileResourcePack:Extra Utilities, FMLFileResourcePack:Forbidden Magic, FMLFileResourcePack:Forestry for Minecraft, FMLFileResourcePack:FTBLib, FMLFileResourcePack:FTBUtilities, FMLFileResourcePack:iChunUtil, FMLFileResourcePack:Iguana Tinker Tweaks, FMLFileResourcePack:Immersive Engineering, FMLFileResourcePack:IndustrialCraft 2, FMLFileResourcePack:Infernal Mobs, FMLFileResourcePack:JABBA, FMLFileResourcePack:JourneyMap, FMLFileResourcePack:Magical Crops, FMLFileResourcePack:Magic Bees, FMLFileResourcePack:Mantle, FMLFileResourcePack:Matter Overdrive, FMLFileResourcePack:Mekanism, FMLFileResourcePack:MekanismGenerators, FMLFileResourcePack:MekanismTools, FMLFileResourcePack:MineFactory Reloaded, FMLFileResourcePack:MFR Compat: Applied Energistics, FMLFileResourcePack:MFR Compat: BuildCraft, FMLFileResourcePack:MFR Compat: Forestry, FMLFileResourcePack:MFR Compat: ForgeMicroblock, FMLFileResourcePack:MFR Compat: IC2, FMLFileResourcePack:MFR Compat ProjectRed, FMLFileResourcePack:MFR Compat: Railcraft, FMLFileResourcePack:MFR Compat: Thaumcraft, FMLFileResourcePack:MFR Compat: Thermal Expansion, FMLFileResourcePack:MFR Compat: Tinkers' Construct, FMLFileResourcePack:MFR Compat: TwilightForest, FMLFileResourcePack:MFR Compat: Vanilla, FMLFileResourcePack:MineTweaker 3, FMLFileResourcePack:Mod Tweaker 2, FMLFileResourcePack:Morpheus, FMLFileResourcePack:Mystcraft, FMLFileResourcePack:NEI Addons: Developer Tools, FMLFileResourcePack:NEI Addons: Applied Energistics 2, FMLFileResourcePack:NEI Addons: Botany, FMLFileResourcePack:NEI Addons: Forestry, FMLFileResourcePack:NEI Addons: Crafting Tables, FMLFileResourcePack:NEI Addons, FMLFileResourcePack:NEI Addons: Ex Nihilo, FMLFileResourcePack:NEI Integration, FMLFileResourcePack:Nether Ores, FMLFileResourcePack:OpenBlocks, FMLFileResourcePack:OpenMods, FMLFileResourcePack:Pam's HarvestCraft, FMLFileResourcePack:planetguyLib, FMLFileResourcePack:Project Blue, FMLFileResourcePack:ProjectE, FMLFileResourcePack:ProjectRed Compatibility, FMLFileResourcePack:ProjectRed Fabrication, FMLFileResourcePack:ProjectRed Integration, FMLFileResourcePack:ProjectRed Transmission, FMLFileResourcePack:ProjectRed Illumination, FMLFileResourcePack:ProjectRed Expansion, FMLFileResourcePack:ProjectRed Transportation, FMLFileResourcePack:ProjectRed Exploration, FMLFileResourcePack:ProjectRed Core, FMLFileResourcePack:QuantumFlux, FMLFileResourcePack:Railcraft, FMLFileResourcePack:Redstone Arsenal, FMLFileResourcePack:Remain In Motion, FMLFileResourcePack:RFTools, FMLFileResourcePack:Runic Dungeons, FMLFileResourcePack:SimpleLabels, FMLFileResourcePack:Storage Drawers, FMLFileResourcePack:Tinkers' Construct, FMLFileResourcePack:Thaumcraft, FMLFileResourcePack:Thaumic Energistics, FMLFileResourcePack:Thaumic Tinkerer, FMLFileResourcePack:Thermal Dynamics, FMLFileResourcePack:Thermal Expansion, FMLFileResourcePack:Thermal Foundation, FMLFileResourcePack:The Twilight Forest, FMLFileResourcePack:Waila, FMLFileResourcePack:Waila Harvestability, FMLFileResourcePack:WAILA Plugins, FMLFileResourcePack:WanionLib, FMLFileResourcePack:WaterPower, FMLFileResourcePack:AE2 Wireless Crafting Terminal, FMLFileResourcePack:Witchery, FMLFileResourcePack:WR-CBE Core, FMLFileResourcePack:WR-CBE Addons, FMLFileResourcePack:WR-CBE Logic, FMLFileResourcePack:Baubles, FMLFileResourcePack:Forge Microblocks, FMLFileResourcePack:Forge Multipart, FMLFileResourcePack:Minecraft Multipart Plugin, FMLFileResourcePack:MCFrames, FMLFileResourcePack:ForgeRelocation, FMLFileResourcePack:RelocationFMP, FMLFileResourcePack:MrTJPCore
[16:52:46] [Client thread/WARN]: ResourcePack: ignored non-lowercase namespace: alchemicalwizardryBooks in C:\Users\CLIENTE\Desktop\Adevaldo\Gustavo\MultiMC\instances\AlchemystTechFinal\minecraft\mods\BloodMagic-1.7.10-1.3.3-17.jar
[16:52:46] [Client thread/WARN]: ResourcePack: ignored non-lowercase namespace: alchemicalwizardryBooks in C:\Users\CLIENTE\Desktop\Adevaldo\Gustavo\MultiMC\instances\AlchemystTechFinal\minecraft\mods\BloodMagic-1.7.10-1.3.3-17.jar
[16:52:46] [Client thread/WARN]: ResourcePack: ignored non-lowercase namespace: alchemicalwizardryBooks in C:\Users\CLIENTE\Desktop\Adevaldo\Gustavo\MultiMC\instances\AlchemystTechFinal\minecraft\mods\BloodMagic-1.7.10-1.3.3-17.jar
[16:52:46] [Client thread/WARN]: ResourcePack: ignored non-lowercase namespace: alchemicalwizardryBooks in C:\Users\CLIENTE\Desktop\Adevaldo\Gustavo\MultiMC\instances\AlchemystTechFinal\minecraft\mods\BloodMagic-1.7.10-1.3.3-17.jar
[16:52:46] [Client thread/WARN]: ResourcePack: ignored non-lowercase namespace: alchemicalwizardryBooks in C:\Users\CLIENTE\Desktop\Adevaldo\Gustavo\MultiMC\instances\AlchemystTechFinal\minecraft\mods\BloodMagic-1.7.10-1.3.3-17.jar
[16:52:46] [Client thread/WARN]: ResourcePack: ignored non-lowercase namespace: alchemicalwizardryBooks in C:\Users\CLIENTE\Desktop\Adevaldo\Gustavo\MultiMC\instances\AlchemystTechFinal\minecraft\mods\BloodMagic-1.7.10-1.3.3-17.jar
[16:52:46] [Client thread/WARN]: ResourcePack: ignored non-lowercase namespace: planetguyLib in C:\Users\CLIENTE\Desktop\Adevaldo\Gustavo\MultiMC\instances\AlchemystTechFinal\minecraft\mods\PlanetguyLib-1.9.1.jar
[16:52:46] [Client thread/WARN]: ResourcePack: ignored non-lowercase namespace: planetguyLib in C:\Users\CLIENTE\Desktop\Adevaldo\Gustavo\MultiMC\instances\AlchemystTechFinal\minecraft\mods\PlanetguyLib-1.9.1.jar
[16:52:46] [Client thread/WARN]: ResourcePack: ignored non-lowercase namespace: planetguyLib in C:\Users\CLIENTE\Desktop\Adevaldo\Gustavo\MultiMC\instances\AlchemystTechFinal\minecraft\mods\PlanetguyLib-1.9.1.jar
[16:53:15] [Sound Library Loader/INFO]: Sound engine started
[16:53:20] [Client thread/WARN]: File mo:sounds/gui/button_loud_1.ogg does not exist, cannot add it to event mo:gui.button_loud
[16:53:22] [Client thread/INFO]: Created: 16x16 textures/blocks-atlas
[16:53:23] [Client thread/INFO]: Created: 16x16 textures/items-atlas
[16:53:24] [Client thread/INFO]: Created: 16x16 textures/revolvers-atlas
[16:53:31] [Client thread/INFO]: Created: 16x16 textures/gui/items-atlas
[16:54:00] [Client thread/INFO]: Reloading ResourceManager: Default, FMLFileResourcePack:Forge Mod Loader, FMLFileResourcePack:Minecraft Forge, FMLFileResourcePack:Not Enough Items, FMLFileResourcePack:Advanced Solar Panels, FMLFileResourcePack:AE2 Stuff, FMLFileResourcePack:AgriCraft, FMLFileResourcePack:Another One Bites The Dust, FMLFileResourcePack:Applied Energistics 2, FMLFileResourcePack:Arcane Engineering, FMLFileResourcePack:Avaritia, FMLFileResourcePack:BD Lib, FMLFileResourcePack:BiblioCraft, FMLFileResourcePack:Big Reactors, FMLFileResourcePack:Botany, FMLFileResourcePack:Binnie Core, FMLFileResourcePack:Extra Bees, FMLFileResourcePack:Extra Trees, FMLFileResourcePack:Genetics, FMLFileResourcePack:Blood Magic: Alchemical Wizardry, FMLFileResourcePack:Botania, FMLFileResourcePack:Brandon's Core, FMLFileResourcePack:BC Builders, FMLFileResourcePack:BC Transport, FMLFileResourcePack:BC Energy, FMLFileResourcePack:BC Silicon, FMLFileResourcePack:BC Robotics, FMLFileResourcePack:BuildCraft, FMLFileResourcePack:BC Factory, FMLFileResourcePack:BuildCraft Compat, FMLFileResourcePack:Carpenter's Blocks, FMLFileResourcePack:ChickenChunks, FMLFileResourcePack:Chisel, FMLFileResourcePack:CoFH Core, FMLFileResourcePack:Draconic Evolution, FMLFileResourcePack:Dungeon Pack, FMLFileResourcePack:EnderCore, FMLFileResourcePack:Ender IO, FMLFileResourcePack:EnderStorage, FMLFileResourcePack:Ex Nihilo, FMLFileResourcePack:Extra Cells 2, FMLFileResourcePack:ExtraTiC, FMLFileResourcePack:Extra Utilities, FMLFileResourcePack:Forbidden Magic, FMLFileResourcePack:Forestry for Minecraft, FMLFileResourcePack:FTBLib, FMLFileResourcePack:FTBUtilities, FMLFileResourcePack:iChunUtil, FMLFileResourcePack:Iguana Tinker Tweaks, FMLFileResourcePack:Immersive Engineering, FMLFileResourcePack:IndustrialCraft 2, FMLFileResourcePack:Infernal Mobs, FMLFileResourcePack:JABBA, FMLFileResourcePack:JourneyMap, FMLFileResourcePack:Magical Crops, FMLFileResourcePack:Magic Bees, FMLFileResourcePack:Mantle, FMLFileResourcePack:Matter Overdrive, FMLFileResourcePack:Mekanism, FMLFileResourcePack:MekanismGenerators, FMLFileResourcePack:MekanismTools, FMLFileResourcePack:MineFactory Reloaded, FMLFileResourcePack:MFR Compat: Applied Energistics, FMLFileResourcePack:MFR Compat: BuildCraft, FMLFileResourcePack:MFR Compat: Forestry, FMLFileResourcePack:MFR Compat: ForgeMicroblock, FMLFileResourcePack:MFR Compat: IC2, FMLFileResourcePack:MFR Compat ProjectRed, FMLFileResourcePack:MFR Compat: Railcraft, FMLFileResourcePack:MFR Compat: Thaumcraft, FMLFileResourcePack:MFR Compat: Thermal Expansion, FMLFileResourcePack:MFR Compat: Tinkers' Construct, FMLFileResourcePack:MFR Compat: TwilightForest, FMLFileResourcePack:MFR Compat: Vanilla, FMLFileResourcePack:MineTweaker 3, FMLFileResourcePack:Mod Tweaker 2, FMLFileResourcePack:Morpheus, FMLFileResourcePack:Mystcraft, FMLFileResourcePack:NEI Addons: Developer Tools, FMLFileResourcePack:NEI Addons: Applied Energistics 2, FMLFileResourcePack:NEI Addons: Botany, FMLFileResourcePack:NEI Addons: Forestry, FMLFileResourcePack:NEI Addons: Crafting Tables, FMLFileResourcePack:NEI Addons, FMLFileResourcePack:NEI Addons: Ex Nihilo, FMLFileResourcePack:NEI Integration, FMLFileResourcePack:Nether Ores, FMLFileResourcePack:OpenBlocks, FMLFileResourcePack:OpenMods, FMLFileResourcePack:Pam's HarvestCraft, FMLFileResourcePack:planetguyLib, FMLFileResourcePack:Project Blue, FMLFileResourcePack:ProjectE, FMLFileResourcePack:ProjectRed Compatibility, FMLFileResourcePack:ProjectRed Fabrication, FMLFileResourcePack:ProjectRed Integration, FMLFileResourcePack:ProjectRed Transmission, FMLFileResourcePack:ProjectRed Illumination, FMLFileResourcePack:ProjectRed Expansion, FMLFileResourcePack:ProjectRed Transportation, FMLFileResourcePack:ProjectRed Exploration, FMLFileResourcePack:ProjectRed Core, FMLFileResourcePack:QuantumFlux, FMLFileResourcePack:Railcraft, FMLFileResourcePack:Redstone Arsenal, FMLFileResourcePack:Remain In Motion, FMLFileResourcePack:RFTools, FMLFileResourcePack:Runic Dungeons, FMLFileResourcePack:SimpleLabels, FMLFileResourcePack:Storage Drawers, FMLFileResourcePack:Tinkers' Construct, FMLFileResourcePack:Thaumcraft, FMLFileResourcePack:Thaumic Energistics, FMLFileResourcePack:Thaumic Tinkerer, FMLFileResourcePack:Thermal Dynamics, FMLFileResourcePack:Thermal Expansion, FMLFileResourcePack:Thermal Foundation, FMLFileResourcePack:The Twilight Forest, FMLFileResourcePack:Waila, FMLFileResourcePack:Waila Harvestability, FMLFileResourcePack:WAILA Plugins, FMLFileResourcePack:WanionLib, FMLFileResourcePack:WaterPower, FMLFileResourcePack:AE2 Wireless Crafting Terminal, FMLFileResourcePack:Witchery, FMLFileResourcePack:WR-CBE Core, FMLFileResourcePack:WR-CBE Addons, FMLFileResourcePack:WR-CBE Logic, FMLFileResourcePack:Baubles, FMLFileResourcePack:Forge Microblocks, FMLFileResourcePack:Forge Multipart, FMLFileResourcePack:Minecraft Multipart Plugin, FMLFileResourcePack:MCFrames, FMLFileResourcePack:ForgeRelocation, FMLFileResourcePack:RelocationFMP, FMLFileResourcePack:MrTJPCore, Avaritia_Delegate_Pack, Avaritia_Delegate_Pack, FMLFileResourcePack:Carpenter's Blocks Cached Resources, resources, XU_Delegate_Pack, XU_Delegate_Pack, XU_Delegate_Pack
[16:54:00] [Client thread/WARN]: ResourcePack: ignored non-lowercase namespace: alchemicalwizardryBooks in C:\Users\CLIENTE\Desktop\Adevaldo\Gustavo\MultiMC\instances\AlchemystTechFinal\minecraft\mods\BloodMagic-1.7.10-1.3.3-17.jar
[16:54:00] [Client thread/WARN]: ResourcePack: ignored non-lowercase namespace: alchemicalwizardryBooks in C:\Users\CLIENTE\Desktop\Adevaldo\Gustavo\MultiMC\instances\AlchemystTechFinal\minecraft\mods\BloodMagic-1.7.10-1.3.3-17.jar
[16:54:00] [Client thread/WARN]: ResourcePack: ignored non-lowercase namespace: alchemicalwizardryBooks in C:\Users\CLIENTE\Desktop\Adevaldo\Gustavo\MultiMC\instances\AlchemystTechFinal\minecraft\mods\BloodMagic-1.7.10-1.3.3-17.jar
[16:54:00] [Client thread/WARN]: ResourcePack: ignored non-lowercase namespace: alchemicalwizardryBooks in C:\Users\CLIENTE\Desktop\Adevaldo\Gustavo\MultiMC\instances\AlchemystTechFinal\minecraft\mods\BloodMagic-1.7.10-1.3.3-17.jar
[16:54:00] [Client thread/WARN]: ResourcePack: ignored non-lowercase namespace: alchemicalwizardryBooks in C:\Users\CLIENTE\Desktop\Adevaldo\Gustavo\MultiMC\instances\AlchemystTechFinal\minecraft\mods\BloodMagic-1.7.10-1.3.3-17.jar
[16:54:00] [Client thread/WARN]: ResourcePack: ignored non-lowercase namespace: alchemicalwizardryBooks in C:\Users\CLIENTE\Desktop\Adevaldo\Gustavo\MultiMC\instances\AlchemystTechFinal\minecraft\mods\BloodMagic-1.7.10-1.3.3-17.jar
[16:54:00] [Client thread/WARN]: ResourcePack: ignored non-lowercase namespace: planetguyLib in C:\Users\CLIENTE\Desktop\Adevaldo\Gustavo\MultiMC\instances\AlchemystTechFinal\minecraft\mods\PlanetguyLib-1.9.1.jar
[16:54:00] [Client thread/WARN]: ResourcePack: ignored non-lowercase namespace: planetguyLib in C:\Users\CLIENTE\Desktop\Adevaldo\Gustavo\MultiMC\instances\AlchemystTechFinal\minecraft\mods\PlanetguyLib-1.9.1.jar
[16:54:00] [Client thread/WARN]: ResourcePack: ignored non-lowercase namespace: planetguyLib in C:\Users\CLIENTE\Desktop\Adevaldo\Gustavo\MultiMC\instances\AlchemystTechFinal\minecraft\mods\PlanetguyLib-1.9.1.jar
[16:54:02] [Client thread/ERROR]: Using missing texture, unable to load mo:textures/blocks/star_map.png, java.io.FileNotFoundException
[16:54:03] [Client thread/ERROR]: Using missing texture, unable to load ttinkerer:textures/blocks/repairer.png, java.io.FileNotFoundException
[16:54:03] [Client thread/ERROR]: Using missing texture, unable to load jakj_redstoneinmotion:textures/blocks/CarriagePredirected_Continuous_Active.png, java.io.FileNotFoundException
[16:54:03] [Client thread/ERROR]: Using missing texture, unable to load jakj_redstoneinmotion:textures/blocks/CarriageAdapter_Active.png, java.io.FileNotFoundException
[16:54:03] [Client thread/ERROR]: Using missing texture, unable to load jakj_redstoneinmotion:textures/blocks/CarriagePredirected_Active.png, java.io.FileNotFoundException
[16:54:03] [Client thread/ERROR]: Using missing texture, unable to load minecraft:textures/blocks/MISSING_ICON_BLOCK_507_blockMimic.png, java.io.FileNotFoundException
[16:54:03] [Client thread/ERROR]: Using missing texture, unable to load mo:textures/blocks/android_station.png, java.io.FileNotFoundException
[16:54:05] [Client thread/ERROR]: Using missing texture, unable to load jakj_redstoneinmotion:textures/blocks/CarriageTransduplicator_Active.png, java.io.FileNotFoundException
[16:54:05] [Client thread/ERROR]: Using missing texture, unable to load minecraft:textures/blocks/MISSING_ICON_BLOCK_503_alchemicCalcinator.png, java.io.FileNotFoundException
[16:54:06] [Client thread/ERROR]: Using missing texture, unable to load jakj_redstoneinmotion:textures/blocks/CarriageAdapter_Continuous.png, java.io.FileNotFoundException
[16:54:06] [Client thread/ERROR]: Using missing texture, unable to load jakj_redstoneinmotion:textures/blocks/CarriageRotator_Active.png, java.io.FileNotFoundException
[16:54:07] [Client thread/ERROR]: Using missing texture, unable to load minecraft:textures/blocks/TConIntegration.bedrock.png, java.io.FileNotFoundException
[16:54:07] [Client thread/ERROR]: Using missing texture, unable to load minecraft:textures/blocks/MISSING_ICON_BLOCK_501_schematicSaver.png, java.io.FileNotFoundException
[16:54:07] [Client thread/ERROR]: Using missing texture, unable to load minecraft:textures/blocks/MISSING_ICON_BLOCK_495_blockSpellParadigm.png, java.io.FileNotFoundException
[16:54:07] [Client thread/ERROR]: Using missing texture, unable to load jakj_redstoneinmotion:textures/blocks/CarriageTransduplicator_Continuous_Active.png, java.io.FileNotFoundException
[16:54:08] [Client thread/ERROR]: Using missing texture, unable to load jakj_redstoneinmotion:textures/blocks/CarriagePredirected.png, java.io.FileNotFoundException
[16:54:08] [Client thread/ERROR]: Using missing texture, unable to load minecraft:textures/blocks/planks.png, java.io.FileNotFoundException
[16:54:08] [Client thread/ERROR]: Using missing texture, unable to load jakj_redstoneinmotion:textures/blocks/CarriageRotator_Continuous_Active.png, java.io.FileNotFoundException
[16:54:08] [Client thread/ERROR]: Using missing texture, unable to load immersiveengineering:textures/blocks/metal2_skycrateDispenser.png, java.io.FileNotFoundException
[16:54:08] [Client thread/ERROR]: Using missing texture, unable to load jakj_redstoneinmotion:textures/blocks/CarriageRotator.png, java.io.FileNotFoundException
[16:54:08] [Client thread/ERROR]: Using missing texture, unable to load mo:textures/blocks/weapon_station.png, java.io.FileNotFoundException
[16:54:08] [Client thread/ERROR]: Using missing texture, unable to load minecraft:textures/blocks/MISSING_ICON_BLOCK_2037_JAKJ_RedstoneInMotion_Spectre.png, java.io.FileNotFoundException
[16:54:09] [Client thread/ERROR]: Using missing texture, unable to load mo:textures/blocks/pattern_monitor.png, java.io.FileNotFoundException
[16:54:09] [Client thread/ERROR]: Using missing texture, unable to load mo:textures/blocks/contract_market.png, java.io.FileNotFoundException
[16:54:09] [Client thread/ERROR]: Using missing texture, unable to load chisel:textures/blocks/endstone/EnderFrame.png, java.io.FileNotFoundException
[16:54:09] [Client thread/ERROR]: Using missing texture, unable to load ttinkerer:textures/blocks/magnet.png, java.io.FileNotFoundException
[16:54:09] [Client thread/ERROR]: Using missing texture, unable to load jakj_redstoneinmotion:textures/blocks/CarriageAdapter_Continuous_Active.png, java.io.FileNotFoundException
[16:54:09] [Client thread/ERROR]: Using missing texture, unable to load mo:textures/blocks/fusion_reactor_controller.png, java.io.FileNotFoundException
[16:54:09] [Client thread/ERROR]: Using missing texture, unable to load minecraft:textures/blocks/MISSING_ICON_BLOCK_2038_JAKJ_RedstoneInMotion_RailSpecter.png, java.io.FileNotFoundException
[16:54:09] [Client thread/ERROR]: Using missing texture, unable to load minecraft:textures/blocks/MISSING_ICON_BLOCK_1517_extracells.block.walrus.png, java.io.FileNotFoundException
[16:54:10] [Client thread/ERROR]: Using missing texture, unable to load mo:textures/blocks/fusion_reactor_coil.png, java.io.FileNotFoundException
[16:54:10] [Client thread/ERROR]: Using missing texture, unable to load minecraft:textures/blocks/MISSING_ICON_BLOCK_498_blockSpellEffect.png, java.io.FileNotFoundException
[16:54:10] [Client thread/ERROR]: Using missing texture, unable to load minecraft:textures/blocks/MISSING_ICON_BLOCK_497_blockSpellModifier.png, java.io.FileNotFoundException
[16:54:10] [Client thread/ERROR]: Using missing texture, unable to load mo:textures/blocks/gravitational_stabilizer.png, java.io.FileNotFoundException
[16:54:10] [Client thread/ERROR]: Using missing texture, unable to load minecraft:textures/blocks/MISSING_ICON_BLOCK_504_crystalBelljar.png, java.io.FileNotFoundException
[16:54:10] [Client thread/ERROR]: Using missing texture, unable to load mo:textures/blocks/android_spawner.png, java.io.FileNotFoundException
[16:54:10] [Client thread/ERROR]: Using missing texture, unable to load jakj_redstoneinmotion:textures/blocks/CarriagePredirected_Continuous.png, java.io.FileNotFoundException
[16:54:10] [Client thread/ERROR]: Using missing texture, unable to load mo:textures/blocks/fusion_reactor_io.png, java.io.FileNotFoundException
[16:54:10] [Client thread/ERROR]: Using missing texture, unable to load mo:textures/blocks/molten_tritanium_Still.png, java.io.FileNotFoundException
[16:54:10] [Client thread/ERROR]: Using missing texture, unable to load jakj_redstoneinmotion:textures/blocks/CarriageRotator_Continuous.png, java.io.FileNotFoundException
[16:54:11] [Client thread/ERROR]: Using missing texture, unable to load minecraft:textures/blocks/MISSING_ICON_BLOCK_2104_proxyBlock.png, java.io.FileNotFoundException
[16:54:11] [Client thread/ERROR]: Using missing texture, unable to load botania:textures/blocks/alt/clayconiaChibi.png, java.io.FileNotFoundException
[16:54:11] [Client thread/ERROR]: Using missing texture, unable to load jakj_redstoneinmotion:textures/blocks/CarriageTransduplicator_Continuous.png, java.io.FileNotFoundException
[16:54:11] [Client thread/ERROR]: Using missing texture, unable to load minecraft:textures/blocks/MISSING_ICON_BLOCK_496_blockSpellEnhancement.png, java.io.FileNotFoundException
[16:54:12] [Client thread/INFO]: textures/blocks: dropping miplevel from 4 to 3, because of minTexel: 8
[16:54:12] [Client thread/INFO]: Created: 4096x2048 textures/blocks-atlas
[16:54:13] [Client thread/ERROR]: Using missing texture, unable to load minecraft:textures/items/MISSING_ICON_ITEM_7228_focusRecall.png, java.io.FileNotFoundException
[16:54:14] [Client thread/ERROR]: Using missing texture, unable to load microblock:textures/items/sawManyullyn.png, java.io.FileNotFoundException
[16:54:14] [Client thread/ERROR]: Using missing texture, unable to load minecraft:textures/items/MISSING_ICON_ITEM_7202_focusSmelt.png, java.io.FileNotFoundException
[16:54:15] [Client thread/ERROR]: Using missing texture, unable to load minecraft:textures/items/MISSING_ICON_ITEM_7225_focusDeflect.png, java.io.FileNotFoundException
[16:54:15] [Client thread/ERROR]: Using missing texture, unable to load minecraft:textures/items/MISSING_ICON_ITEM_7220_focusDislocation.png, java.io.FileNotFoundException
[16:54:16] [Client thread/ERROR]: Using missing texture, unable to load mo:textures/items/omni_tool.png, java.io.FileNotFoundException
[16:54:16] [Client thread/ERROR]: Using missing texture, unable to load minecraft:textures/items/MISSING_ICON_ITEM_7195_focusHeal.png, java.io.FileNotFoundException
[16:54:16] [Client thread/ERROR]: Using missing texture, unable to load minecraft:textures/items/MISSING_ICON_ITEM_5702_extracells.pattern.crafting.png, java.io.FileNotFoundException
[16:54:16] [Client thread/ERROR]: Using missing texture, unable to load draconicevolution:textures/items/chaosFragment.png, java.io.FileNotFoundException
[16:54:17] [Client thread/ERROR]: Using missing texture, unable to load ttinkerer:textures/items/ichorSwordGem.png, java.io.FileNotFoundException
[16:54:17] [Client thread/ERROR]: Using missing texture, unable to load ttinkerer:textures/items/ichorAxeGem.png, java.io.FileNotFoundException
[16:54:17] [Client thread/ERROR]: Using missing texture, unable to load buildcraft:textures/items/triggers/trigger_machine_active.png, java.io.FileNotFoundException
[16:54:17] [Client thread/ERROR]: Using missing texture, unable to load alchemicalwizardry:textures/items/SigilOfTheFastMiner.png, java.io.FileNotFoundException
[16:54:17] [Client thread/ERROR]: Using missing texture, unable to load minecraft:textures/items/MISSING_ICON_ITEM_5699_extracells.fluid.item.png, java.io.FileNotFoundException
[16:54:18] [Client thread/ERROR]: Using missing texture, unable to load buildcraft:textures/items/triggers/trigger_machine_inactive.png, java.io.FileNotFoundException
[16:54:18] [Client thread/ERROR]: Using missing texture, unable to load minecraft:textures/items/MISSING_ICON_ITEM_7210_focusFlight.png, java.io.FileNotFoundException
[16:54:18] [Client thread/ERROR]: Using missing texture, unable to load missing_icon_item_5818_extrautils:textures/items/microblocks.png, java.io.FileNotFoundException
[16:54:18] [Client thread/ERROR]: Using missing texture, unable to load minecraft:textures/items/MISSING_ICON_ITEM_7205_focusShadowbeam.png, java.io.FileNotFoundException
[16:54:18] [Client thread/ERROR]: Using missing texture, unable to load microblock:textures/items/sawArdite.png, java.io.FileNotFoundException
[16:54:18] [Client thread/ERROR]: Using missing texture, unable to load minecraft:textures/items/MISSING_ICON_ITEM_7217_focusTelekinesis.png, java.io.FileNotFoundException
[16:54:18] [Client thread/ERROR]: Using missing texture, unable to load ttinkerer:textures/items/ichorPickGem.png, java.io.FileNotFoundException
[16:54:18] [Client thread/ERROR]: Using missing texture, unable to load minecraft:textures/items/MISSING_ICON_ITEM_7233_focusEnderChest.png, java.io.FileNotFoundException
[16:54:18] [Client thread/ERROR]: Using missing texture, unable to load ttinkerer:textures/items/mobAspect.png, java.io.FileNotFoundException
[16:54:18] [Client thread/ERROR]: Using missing texture, unable to load missing_icon_item_5801_extrautils:textures/items/lawSword.png, java.io.FileNotFoundException
[16:54:18] [Client thread/ERROR]: Using missing texture, unable to load microblock:textures/items/sawCobalt.png, java.io.FileNotFoundException
[16:54:19] [Client thread/ERROR]: Using missing texture, unable to load ttinkerer:textures/items/ichorShovelGem.png, java.io.FileNotFoundException
[16:54:19] [Client thread/ERROR]: Using missing texture, unable to load minecraft:textures/items/MISSING_ICON_ITEM_6952_hollowCarriage.png, java.io.FileNotFoundException
[16:54:19] [Client thread/ERROR]: Using missing texture, unable to load minecraft:textures/items/MISSING_ICON_BLOCK_639_gaiaHeadBlock_skeleton.png, java.io.FileNotFoundException
[16:54:19] [Client thread/ERROR]: Using missing texture, unable to load minecraft:textures/items/MISSING_ICON_ITEM_7209_focusXPDrain.png, java.io.FileNotFoundException
[16:54:19] [Client thread/INFO]: Created: 4096x2048 textures/items-atlas
[16:54:19] [Client thread/ERROR]: Using missing texture, unable to load immersiveengineering:textures/revolvers/revolver_tesla.png, java.io.FileNotFoundException
[16:54:19] [Client thread/ERROR]: Using missing texture, unable to load immersiveengineering:textures/revolvers/revolver_rose.png, java.io.FileNotFoundException
[16:54:19] [Client thread/INFO]: Created: 1024x1024 textures/revolvers-atlas
[16:54:20] [Client thread/ERROR]: Using missing texture, unable to load mo:textures/gui/items/minimap_target.png, java.io.FileNotFoundException
[16:54:20] [Client thread/INFO]: Created: 256x256 textures/gui/items-atlas
[16:54:20] [Client thread/WARN]: File mo:sounds/gui/button_loud_1.ogg does not exist, cannot add it to event mo:gui.button_loud
[16:54:20] [Sound Library Loader/INFO]: Sound engine started
[16:54:21] [Client thread/WARN]: Skipping bad option: maxFps:260
[16:59:35] [Client thread/INFO]: Connecting to modded.alchemystnet.com, 25565
[16:59:39] [Client thread/INFO]: [CHAT] TheKing joined the game.
[16:59:39] [Client thread/INFO]: [CHAT] [Thermos] Found new version of Thermos: 1.7.10-1614.57
[16:59:39] [Client thread/INFO]: [CHAT] [Thermos] Current version is: 1.7.10-1614.58
[16:59:39] [Client thread/INFO]: [CHAT] [Thermos] Download at: https://github.com/CyberdyneCC/Thermos/releases
[16:59:40] [Client thread/INFO]: [CHAT] Welcome to the server!
[16:59:40] [ProjectE Update Checker Client/INFO]: [CHAT] New ProjectE update available! Version: 1.7.10-PE1.10.1
[16:59:40] [ProjectE Update Checker Client/INFO]: [CHAT] Get it here!
[16:59:40] [ProjectE Update Checker Client/INFO]: [CHAT] http://minecraft.curseforge.com/mc-mods/226410-projecte/files
[16:59:40] [ProjectE Update Checker Client/INFO]: [CHAT] Use /projecte changelog for change log!
[16:59:48] [Client thread/INFO]: [CHAT] Welcome, TheKing!
[16:59:48] [Client thread/INFO]: [CHAT] Type /help for a list of commands.
[16:59:48] [Client thread/INFO]: [CHAT] Type /list to see who else is online.
[16:59:48] [Client thread/INFO]: [CHAT] Players online: 3 - World time: 5:25 PM
[16:59:48] [Client thread/INFO]: [CHAT] You have no new mail.
[16:59:48] [Client thread/INFO]: [CHAT] Set fly mode enabled for TheKing.
[16:59:48] [Client thread/INFO]: [CHAT] codechickencore.update
[16:59:48] [Client thread/INFO]: [CHAT] codechickencore.update
[16:59:48] [Client thread/INFO]: [CHAT] A new §eOptiFine§f version is available: §eHD Ultra D8§f
[16:59:49] [Client thread/INFO]: [CHAT] §6The mod Extra Cells 2 is supporting In-Game Wiki mod. §6However, In-Game Wiki isn't installed! [Download Latest]
[16:59:49] [Client thread/INFO]: [CHAT] ProjectRed 4.8.1 available.
[16:59:51] [Client thread/INFO]: [CHAT] §eJourneyMap:§f Press [§bJ§f]
[16:59:58] [Client thread/INFO]: Stopping!
